<?xml version="1.0" encoding="UTF-8"?>
<testsuite name="CabInvoiceGeneratorTest" tests="2" skipped="0" failures="0" errors="0" timestamp="2020-07-10T12:39:11" hostname="LAPTOP-GBE6S254" time="0.009">
  <properties/>
  <testcase name="givenLessDistanceAndTime_ShouldReturnMinFare" classname="CabInvoiceGeneratorTest" time="0.007"/>
  <testcase name="givenDistanceAndTime_ShouldReturnTotalFare" classname="CabInvoiceGeneratorTest" time="0.001"/>
  <system-out><![CDATA[]]></system-out>
  <system-err><![CDATA[]]></system-err>
</testsuite>
