<?xml version="1.0" encoding="UTF-8"?>
<testsuite name="CabInvoiceGeneratorTest" tests="1" skipped="0" failures="0" errors="0" timestamp="2020-07-10T13:01:00" hostname="HARITHA-RUGADA" time="0.004">
  <properties/>
  <testcase name="givenMultipleRides_ShouldReturnTotalFare" classname="CabInvoiceGeneratorTest" time="0.004"/>
  <system-out><![CDATA[]]></system-out>
  <system-err><![CDATA[]]></system-err>
</testsuite>
